<?xml version="1.0" encoding="UTF-8"?>
<!-- Generated by org.testng.reporters.JUnitReportReporter -->
<testsuite hostname="DESKTOP-2UTIDB1" failures="0" tests="1" name="Runner.TestRunner" time="1.915" errors="0" timestamp="2025-01-24T11:53:01 IST" skipped="0">
  <testcase classname="Runner.TestRunner" name="runScenario" time="1.915"/>
  <system-out/>
</testsuite> <!-- Runner.TestRunner -->
