<?xml version="1.0" encoding="UTF-8"?>
<!-- Generated by org.testng.reporters.JUnitReportReporter -->
<testsuite hostname="DESKTOP-2UTIDB1" failures="0" tests="7" name="testRunner.TestRunner" time="15.101" errors="0" timestamp="2025-01-24T13:38:13 IST" skipped="0">
  <testcase classname="testRunner.TestRunner" name="runScenario" time="1.924"/>
  <system-out/>
  <testcase classname="testRunner.TestRunner" name="runScenario" time="2.626"/>
  <system-out/>
  <testcase classname="testRunner.TestRunner" name="runScenario" time="2.771"/>
  <system-out/>
  <testcase classname="testRunner.TestRunner" name="runScenario" time="1.137"/>
  <system-out/>
  <testcase classname="testRunner.TestRunner" name="runScenario" time="1.352"/>
  <system-out/>
  <testcase classname="testRunner.TestRunner" name="runScenario" time="2.515"/>
  <system-out/>
  <testcase classname="testRunner.TestRunner" name="runScenario" time="2.776"/>
  <system-out/>
</testsuite> <!-- testRunner.TestRunner -->
