<?xml version="1.0" encoding="UTF-8"?>
<!-- Generated by org.testng.reporters.JUnitReportReporter -->
<testsuite hostname="DESKTOP-2UTIDB1" failures="0" tests="2" name="testRunner.TestRunner" time="5.565" errors="0" timestamp="2025-01-24T21:45:43 IST" skipped="0">
  <testcase classname="testRunner.TestRunner" name="runScenario" time="1.623"/>
  <system-out/>
  <testcase classname="testRunner.TestRunner" name="runScenario" time="3.942"/>
  <system-out/>
</testsuite> <!-- testRunner.TestRunner -->
