<?xml version="1.0" encoding="UTF-8"?>
<!-- Generated by org.testng.reporters.JUnitReportReporter -->
<testsuite hostname="DESKTOP-BOD58KV" failures="0" tests="3" name="Runner.TestRunner" time="55.973" errors="0" timestamp="2025-01-24T13:03:36 IST" skipped="0">
  <testcase classname="Runner.TestRunner" name="runScenario" time="5.694"/>
  <system-out/>
  <testcase classname="Runner.TestRunner" name="runScenario" time="21.569"/>
  <system-out/>
  <testcase classname="Runner.TestRunner" name="runScenario" time="28.710"/>
  <system-out/>
</testsuite> <!-- Runner.TestRunner -->
