<?xml version="1.0" encoding="UTF-8"?>
<!-- Generated by org.testng.reporters.JUnitReportReporter -->
<testsuite hostname="DELLINSPRIRON" failures="0" tests="2" name="Runner.TestRunner" time="4.398" errors="0" timestamp="2025-01-24T12:21:49 IST" skipped="0">
  <testcase classname="Runner.TestRunner" name="runScenario" time="2.361"/>
  <system-out/>
  <testcase classname="Runner.TestRunner" name="runScenario" time="2.037"/>
  <system-out/>
</testsuite> <!-- Runner.TestRunner -->
